<?xml version="1.0" encoding="UTF-8"?>
<!-- Generated by org.testng.reporters.JUnitXMLReporter -->
<testsuite ignored="1" hostname="sss-1YDWGY3" failures="0" tests="1" name="ErrorValidations" time="30.544" errors="0" timestamp="2024-08-25T21:48:35 IST">
  <testcase classname="ShoppingApp.tests.ErrorValidation" name="errorMessageCheck" time="0.937"/>
  <testcase classname="ShoppingApp.tests.ErrorValidation" name="ProductErrorValidation" time="0.0">
    <ignored/>
  </testcase> <!-- ProductErrorValidation -->
</testsuite> <!-- ErrorValidations -->
