<?xml version="1.0" encoding="UTF-8"?>
<!-- Generated by org.testng.reporters.JUnitXMLReporter -->
<testsuite ignored="2" hostname="sss-1YDWGY3" failures="0" tests="0" time="0.013" errors="0" timestamp="2024-08-25T21:48:04 IST">
  <testcase classname="ShoppingApp.tests.SubmitOrder" name="checkOrder" time="0.0">
    <ignored/>
  </testcase> <!-- checkOrder -->
  <testcase classname="ShoppingApp.tests.SubmitOrder" name="submitOrder" time="0.0">
    <ignored/>
  </testcase> <!-- submitOrder -->
</testsuite>
