<?xml version="1.0" encoding="UTF-8"?>
<testng-results ignored="0" total="2" passed="2" failed="0" skipped="0">
  <reporter-output>
  </reporter-output>
  <suite started-at="2024-12-13T11:14:09 IST" name="Default suite" finished-at="2024-12-13T11:15:10 IST" duration-ms="60852">
    <groups>
      <group name="ErrorValidate">
        <method signature="ErrorValidation.errorMessageCheck()[pri:0, instance:ShoppingApp.tests.ErrorValidation@1a75e76a]" name="errorMessageCheck" class="ShoppingApp.tests.ErrorValidation"/>
      </group> <!-- ErrorValidate -->
    </groups>
    <test started-at="2024-12-13T11:14:09 IST" name="Default test" finished-at="2024-12-13T11:15:10 IST" duration-ms="60852">
      <class name="ShoppingApp.tests.ErrorValidation">
        <test-method is-config="true" signature="launchApplication()[pri:0, instance:ShoppingApp.tests.ErrorValidation@1a75e76a]" started-at="2024-12-13T11:14:09 IST" name="launchApplication" finished-at="2024-12-13T11:14:27 IST" duration-ms="18621" status="PASS">
          <reporter-output>
          </reporter-output>
        </test-method> <!-- launchApplication -->
        <test-method signature="ProductErrorValidation()[pri:0, instance:ShoppingApp.tests.ErrorValidation@1a75e76a]" started-at="2024-12-13T11:14:27 IST" name="ProductErrorValidation" finished-at="2024-12-13T11:14:42 IST" duration-ms="14181" status="PASS">
          <reporter-output>
          </reporter-output>
        </test-method> <!-- ProductErrorValidation -->
        <test-method is-config="true" signature="closeBrowser()[pri:0, instance:ShoppingApp.tests.ErrorValidation@1a75e76a]" started-at="2024-12-13T11:14:42 IST" name="closeBrowser" finished-at="2024-12-13T11:14:42 IST" duration-ms="535" status="PASS">
          <reporter-output>
          </reporter-output>
        </test-method> <!-- closeBrowser -->
        <test-method is-config="true" signature="launchApplication()[pri:0, instance:ShoppingApp.tests.ErrorValidation@1a75e76a]" started-at="2024-12-13T11:14:42 IST" name="launchApplication" finished-at="2024-12-13T11:15:07 IST" duration-ms="24545" status="PASS">
          <reporter-output>
          </reporter-output>
        </test-method> <!-- launchApplication -->
        <test-method signature="errorMessageCheck()[pri:0, instance:ShoppingApp.tests.ErrorValidation@1a75e76a]" started-at="2024-12-13T11:15:07 IST" name="errorMessageCheck" finished-at="2024-12-13T11:15:09 IST" duration-ms="2579" status="PASS">
          <reporter-output>
          </reporter-output>
        </test-method> <!-- errorMessageCheck -->
        <test-method is-config="true" signature="closeBrowser()[pri:0, instance:ShoppingApp.tests.ErrorValidation@1a75e76a]" started-at="2024-12-13T11:15:09 IST" name="closeBrowser" finished-at="2024-12-13T11:15:10 IST" duration-ms="346" status="PASS">
          <reporter-output>
          </reporter-output>
        </test-method> <!-- closeBrowser -->
      </class> <!-- ShoppingApp.tests.ErrorValidation -->
    </test> <!-- Default test -->
  </suite> <!-- Default suite -->
</testng-results>
